This is pdfTeX, Version 3.1415926-2.5-1.40.14 (MiKTeX 2.9) (preloaded format=pdflatex 2014.3.3)  23 JAN 2015 12:06
entering extended mode
**tADRguide.tex
(E:\Github\journalpaper#1\tADRLaTeX\tADRguide.tex
LaTeX2e <2011/06/27>
Babel <v3.8m> and hyphenation patterns for english, afrikaans, ancientgreek, ar
abic, armenian, assamese, basque, bengali, bokmal, bulgarian, catalan, coptic, 
croatian, czech, danish, dutch, esperanto, estonian, farsi, finnish, french, ga
lician, german, german-x-2013-05-26, greek, gujarati, hindi, hungarian, iceland
ic, indonesian, interlingua, irish, italian, kannada, kurmanji, latin, latvian,
 lithuanian, malayalam, marathi, mongolian, mongolianlmc, monogreek, ngerman, n
german-x-2013-05-26, nynorsk, oriya, panjabi, pinyin, polish, portuguese, roman
ian, russian, sanskrit, serbian, slovak, slovenian, spanish, swedish, swissgerm
an, tamil, telugu, turkish, turkmen, ukenglish, ukrainian, uppersorbian, usengl
ishmax, welsh, loaded.
(E:\Github\journalpaper#1\tADRLaTeX\tADR2e.cls
Document Class: tADR2e 2013/01/23 v1.0 Advanced Robotics LaTeX2e document class

\draftrule=\dimen102
\trimrule=\dimen103
\draftrule=\dimen104
\trimheight=\dimen105
\trimwidth=\dimen106
\typeheight=\dimen107
\typewidth=\dimen108
\normaltextheight=\dimen109
\blindfoliodrop=\dimen110
\tempdimen=\dimen111
\rhdraftruleheight=\dimen112
\tempbox=\box26
LaTeX Font Info:    Overwriting symbol font `operators' in version `normal'
(Font)                  OT1/cmr/m/n --> OT1/cmr/m/n on input line 202.
LaTeX Font Info:    Overwriting symbol font `letters' in version `normal'
(Font)                  OML/cmm/m/it --> OML/cmr/m/it on input line 203.
LaTeX Font Info:    Overwriting symbol font `symbols' in version `normal'
(Font)                  OMS/cmsy/m/n --> OMS/cmr/m/n on input line 204.
LaTeX Font Info:    Overwriting symbol font `largesymbols' in version `normal'
(Font)                  OMX/cmex/m/n --> OMX/cmr/m/n on input line 205.
LaTeX Font Info:    Overwriting math alphabet `\mathbf' in version `normal'
(Font)                  OT1/cmr/bx/n --> OT1/cmr/bx/n on input line 206.
LaTeX Font Info:    Overwriting math alphabet `\mathsf' in version `normal'
(Font)                  OT1/cmss/m/n --> OT1/cmss/m/n on input line 207.
LaTeX Font Info:    Overwriting math alphabet `\mathrm' in version `normal'
(Font)                  OT1/cmr/m/n --> OT1/cmr/m/n on input line 208.
LaTeX Font Info:    Overwriting math alphabet `\mathtt' in version `normal'
(Font)                  OT1/cmtt/m/n --> OT1/Courier/m/n on input line 209.
LaTeX Font Info:    Overwriting symbol font `operators' in version `bold'
(Font)                  OT1/cmr/bx/n --> OT1/cmr/bx/n on input line 211.
LaTeX Font Info:    Overwriting symbol font `symbols' in version `bold'
(Font)                  OMS/cmsy/b/n --> OMS/cmr/bx/n on input line 213.
LaTeX Font Info:    Overwriting symbol font `largesymbols' in version `bold'
(Font)                  OMX/cmex/m/n --> OMX/cmr/bx/n on input line 214.
LaTeX Font Info:    Overwriting math alphabet `\mathbf' in version `bold'
(Font)                  OT1/cmr/bx/n --> OT1/cmr/bx/n on input line 215.
LaTeX Font Info:    Overwriting math alphabet `\mathsf' in version `bold'
(Font)                  OT1/cmss/bx/n --> OT1/cmss/bx/n on input line 216.
LaTeX Font Info:    Overwriting math alphabet `\mathrm' in version `bold'
(Font)                  OT1/cmr/bx/n --> OT1/cmr/bx/n on input line 217.
LaTeX Font Info:    Overwriting math alphabet `\mathtt' in version `bold'
(Font)                  OT1/cmtt/m/n --> OT1/Courier/bx/n on input line 218.
LaTeX Font Info:    Overwriting math alphabet `\mathbb' in version `normal'
(Font)                  OT1/ams/bx/n --> OT1/ams/bx/n on input line 235.
LaTeX Font Info:    Overwriting math alphabet `\mathbb' in version `bold'
(Font)                  OT1/ams/bx/n --> OT1/ams/bx/n on input line 236.
\c@mv@upright=\count79
\c@mv@boldupright=\count80
LaTeX Font Info:    Overwriting symbol font `letters' in version `upright'
(Font)                  OML/cmm/m/it --> OML/eur/m/n on input line 268.
LaTeX Font Info:    Overwriting symbol font `letters' in version `boldupright'
(Font)                  OML/cmm/m/it --> OML/eur/b/n on input line 269.
\c@part=\count81
\c@chapter=\count82
\c@section=\count83
\c@subsection=\count84
\c@subsubsection=\count85
\c@paragraph=\count86
\c@subparagraph=\count87
\LabelSep=\dimen113
\TopSep=\skip41
\abovecaptionskip=\skip42
\belowcaptionskip=\skip43
\c@figure=\count88
("C:\Program Files (x86)\MiKTeX 2.9\tex\latex\epsf\epsf.sty"
This is `epsf.tex' v2.7.4 <14 February 2011>
\epsffilein=\read1
\epsfframemargin=\dimen114
\epsfframethickness=\dimen115
\epsfrsize=\dimen116
\epsftmp=\dimen117
\epsftsize=\dimen118
\epsfxsize=\dimen119
\epsfysize=\dimen120
\pspoints=\dimen121
)
\figheight=\dimen122
\figwidth=\dimen123
\c@table=\count89
\c@newtable=\count90
\tabledim=\dimen124
\bibindent=\dimen125
\bibleftmargin=\dimen126
\bibitemsep=\dimen127
\bibparsep=\dimen128
\bibtext=\dimen129
\biblabelsep=\dimen130
\bibleftmargini=\dimen131
\drafttextwidth=\dimen132
\trimrule=\dimen133
\varypageheight=\dimen134
 (E:\Github\journalpaper#1\tADRLaTeX\amsfonts.sty
Package: amsfonts 2001/10/25 v2.2f
\@emptytoks=\toks14
\symAMSa=\mathgroup4
\symAMSb=\mathgroup5
LaTeX Font Info:    Overwriting math alphabet `\mathfrak' in version `bold'
(Font)                  U/euf/m/n --> U/euf/b/n on input line 132.
LaTeX Font Info:    Redeclaring math alphabet \mathbb on input line 133.
)
(E:\Github\journalpaper#1\tADRLaTeX\amsmath.sty
Package: amsmath 2000/07/18 v2.13 AMS math features
\@mathmargin=\skip44

For additional information on amsmath, use the `?' option.
("C:\Program Files (x86)\MiKTeX 2.9\tex\latex\amsmath\amstext.sty"
Package: amstext 2000/06/29 v2.01

("C:\Program Files (x86)\MiKTeX 2.9\tex\latex\amsmath\amsgen.sty"
File: amsgen.sty 1999/11/30 v2.0
\@emptytoks=\toks15
\ex@=\dimen135
))
(E:\Github\journalpaper#1\tADRLaTeX\amsbsy.sty
Package: amsbsy 1999/11/29 v1.2d
\pmbraise@=\dimen136
)
("C:\Program Files (x86)\MiKTeX 2.9\tex\latex\amsmath\amsopn.sty"
Package: amsopn 1999/12/14 v2.01 operator names
)
\inf@bad=\count91
LaTeX Info: Redefining \frac on input line 211.
\uproot@=\count92
\leftroot@=\count93
LaTeX Info: Redefining \overline on input line 307.
\classnum@=\count94
\DOTSCASE@=\count95
LaTeX Info: Redefining \ldots on input line 379.
LaTeX Info: Redefining \dots on input line 382.
LaTeX Info: Redefining \cdots on input line 467.
\Mathstrutbox@=\box27
\strutbox@=\box28
\big@size=\dimen137
LaTeX Font Info:    Redeclaring font encoding OML on input line 567.
LaTeX Font Info:    Redeclaring font encoding OMS on input line 568.
\macc@depth=\count96
\c@MaxMatrixCols=\count97
\dotsspace@=\muskip10
\c@parentequation=\count98
\dspbrk@lvl=\count99
\tag@help=\toks16
\row@=\count100
\column@=\count101
\maxfields@=\count102
\andhelp@=\toks17
\eqnshift@=\dimen138
\alignsep@=\dimen139
\tagshift@=\dimen140
\tagwidth@=\dimen141
\totwidth@=\dimen142
\lineht@=\dimen143
\@envbody=\toks18
\multlinegap=\skip45
\multlinetaggap=\skip46
\mathdisplay@stack=\toks19
LaTeX Info: Redefining \[ on input line 2666.
LaTeX Info: Redefining \] on input line 2667.
)
(E:\Github\journalpaper#1\tADRLaTeX\amssymb.sty
Package: amssymb 2002/01/22 v2.2d
)
("C:\Program Files (x86)\MiKTeX 2.9\tex\latex\amscls\amsthm.sty"
Package: amsthm 2004/08/06 v2.20
\thm@style=\toks20
\thm@bodyfont=\toks21
\thm@headfont=\toks22
\thm@notefont=\toks23
\thm@headpunct=\toks24
\thm@preskip=\skip47
\thm@postskip=\skip48
\thm@headsep=\skip49
\dth@everypar=\toks25
)
(E:\Github\journalpaper#1\tADRLaTeX\epsfig.sty
Package: epsfig 1999/02/16 v1.7a (e)psfig emulation (SPQR)

(E:\Github\journalpaper#1\tADRLaTeX\graphicx.sty
Package: graphicx 1999/02/16 v1.0f Enhanced LaTeX Graphics (DPC,SPQR)

("C:\Program Files (x86)\MiKTeX 2.9\tex\latex\graphics\keyval.sty"
Package: keyval 1999/03/16 v1.13 key=value parser (DPC)
\KV@toks@=\toks26
)
("C:\Program Files (x86)\MiKTeX 2.9\tex\latex\graphics\graphics.sty"
Package: graphics 2009/02/05 v1.0o Standard LaTeX Graphics (DPC,SPQR)

("C:\Program Files (x86)\MiKTeX 2.9\tex\latex\graphics\trig.sty"
Package: trig 1999/03/16 v1.09 sin cos tan (DPC)
)
("C:\Program Files (x86)\MiKTeX 2.9\tex\latex\00miktex\graphics.cfg"
File: graphics.cfg 2007/01/18 v1.5 graphics configuration of teTeX/TeXLive
)
Package graphics Info: Driver file: pdftex.def on input line 91.

("C:\Program Files (x86)\MiKTeX 2.9\tex\latex\pdftex-def\pdftex.def"
File: pdftex.def 2011/05/27 v0.06d Graphics/color for pdfTeX

("C:\Program Files (x86)\MiKTeX 2.9\tex\generic\oberdiek\infwarerr.sty"
Package: infwarerr 2010/04/08 v1.3 Providing info/warning/error messages (HO)
)
("C:\Program Files (x86)\MiKTeX 2.9\tex\generic\oberdiek\ltxcmds.sty"
Package: ltxcmds 2011/11/09 v1.22 LaTeX kernel commands for general use (HO)
)
\Gread@gobject=\count103
))
\Gin@req@height=\dimen144
\Gin@req@width=\dimen145
)
\epsfxsize=\dimen146
\epsfysize=\dimen147
)
(E:\Github\journalpaper#1\tADRLaTeX\rotating.sty
Package: rotating 1997/09/26, v2.13 Rotation package

("C:\Program Files (x86)\MiKTeX 2.9\tex\latex\base\ifthen.sty"
Package: ifthen 2001/05/26 v1.1c Standard LaTeX ifthen package (DPC)
)
\c@r@tfl@t=\count104
\rot@float@box=\box29
)
(E:\Github\journalpaper#1\tADRLaTeX\subfigure.sty
Package: subfigure 2002/07/30 v2.1.4 subfigure package
\subfigtopskip=\skip50
\subfigcapskip=\skip51
\subfigcaptopadj=\dimen148
\subfigbottomskip=\skip52
\subfigcapmargin=\dimen149
\subfiglabelskip=\skip53
\c@subfigure=\count105
\c@lofdepth=\count106
\c@subtable=\count107
\c@lotdepth=\count108

****************************************
* Local config file subfigure.cfg used *
****************************************
("C:\Program Files (x86)\MiKTeX 2.9\tex\latex\subfigure\subfigure.cfg")
\subfig@top=\skip54
\subfig@bottom=\skip55
)
(E:\Github\journalpaper#1\tADRLaTeX\natbib.sty
Package: natbib 2010/09/13 8.31b (PWD, AO)
\bibhang=\skip56
\bibsep=\skip57
LaTeX Info: Redefining \cite on input line 694.
\c@NAT@ctr=\count109
))
(E:\Github\journalpaper#1\tADRLaTeX\tADRguide.aux)
LaTeX Font Info:    Checking defaults for OML/cmm/m/it on input line 6.
LaTeX Font Info:    ... okay on input line 6.
LaTeX Font Info:    Checking defaults for T1/cmr/m/n on input line 6.
LaTeX Font Info:    ... okay on input line 6.
LaTeX Font Info:    Checking defaults for OT1/cmr/m/n on input line 6.
LaTeX Font Info:    ... okay on input line 6.
LaTeX Font Info:    Checking defaults for OMS/cmsy/m/n on input line 6.
LaTeX Font Info:    ... okay on input line 6.
LaTeX Font Info:    Checking defaults for OMX/cmex/m/n on input line 6.
LaTeX Font Info:    ... okay on input line 6.
LaTeX Font Info:    Checking defaults for U/cmr/m/n on input line 6.
LaTeX Font Info:    ... okay on input line 6.

("C:\Program Files (x86)\MiKTeX 2.9\tex\context\base\supp-pdf.mkii"
[Loading MPS to PDF converter (version 2006.09.02).]
\scratchcounter=\count110
\scratchdimen=\dimen150
\scratchbox=\box30
\nofMPsegments=\count111
\nofMParguments=\count112
\everyMPshowfont=\toks27
\MPscratchCnt=\count113
\MPscratchDim=\dimen151
\MPnumerator=\count114
\makeMPintoPDFobject=\count115
\everyMPtoPDFconversion=\toks28
)

LaTeX Font Warning: Font shape `OT1/cmr/m/n' in size <13> not available
(Font)              size <12> substituted on input line 19.


LaTeX Font Warning: Font shape `OT1/cmr/bx/n' in size <13> not available
(Font)              size <12> substituted on input line 19.


LaTeX Font Warning: Font shape `OT1/cmr/bx/it' in size <13> not available
(Font)              size <12> substituted on input line 19.

LaTeX Font Info:    Calculating math sizes for size <13> on input line 19.

LaTeX Font Warning: Font shape `OT1/cmr/m/n' in size <6.5> not available
(Font)              size <6> substituted on input line 19.

LaTeX Font Info:    Try loading font information for OML+cmr on input line 19.
("C:\Program Files (x86)\MiKTeX 2.9\tex\latex\base\omlcmr.fd"
File: omlcmr.fd 1999/05/25 v2.5h Standard LaTeX font definitions
)
LaTeX Font Info:    Font shape `OML/cmr/m/it' in size <13> not available
(Font)              Font shape `OML/cmm/m/it' tried instead on input line 19.


LaTeX Font Warning: Font shape `OML/cmm/m/it' in size <13> not available
(Font)              size <12> substituted on input line 19.

LaTeX Font Info:    Font shape `OML/cmr/m/it' in size <9.09996> not available
(Font)              Font shape `OML/cmm/m/it' tried instead on input line 19.
LaTeX Font Info:    Font shape `OML/cmr/m/it' in size <6.5> not available
(Font)              Font shape `OML/cmm/m/it' tried instead on input line 19.

LaTeX Font Warning: Font shape `OML/cmm/m/it' in size <6.5> not available
(Font)              size <6> substituted on input line 19.

LaTeX Font Info:    Try loading font information for OMS+cmr on input line 19.
("C:\Program Files (x86)\MiKTeX 2.9\tex\latex\base\omscmr.fd"
File: omscmr.fd 1999/05/25 v2.5h Standard LaTeX font definitions
)
LaTeX Font Info:    Font shape `OMS/cmr/m/n' in size <13> not available
(Font)              Font shape `OMS/cmsy/m/n' tried instead on input line 19.


LaTeX Font Warning: Font shape `OMS/cmsy/m/n' in size <13> not available
(Font)              size <12> substituted on input line 19.

LaTeX Font Info:    Font shape `OMS/cmr/m/n' in size <9.09996> not available
(Font)              Font shape `OMS/cmsy/m/n' tried instead on input line 19.
LaTeX Font Info:    Font shape `OMS/cmr/m/n' in size <6.5> not available
(Font)              Font shape `OMS/cmsy/m/n' tried instead on input line 19.

LaTeX Font Warning: Font shape `OMS/cmsy/m/n' in size <6.5> not available
(Font)              size <6> substituted on input line 19.

LaTeX Font Info:    Try loading font information for OMX+cmr on input line 19.
LaTeX Font Info:    No file OMXcmr.fd. on input line 19.

LaTeX Font Warning: Font shape `OMX/cmr/m/n' undefined
(Font)              using `OMX/cmex/m/n' instead on input line 19.


LaTeX Font Warning: Font shape `OMX/cmex/m/n' in size <13> not available
(Font)              size <12> substituted on input line 19.

LaTeX Font Info:    Try loading font information for U+msa on input line 19.
("C:\Program Files (x86)\MiKTeX 2.9\tex\latex\amsfonts\umsa.fd"
File: umsa.fd 2013/01/14 v3.01 AMS symbols A
)
LaTeX Font Info:    Try loading font information for U+msb on input line 19.

("C:\Program Files (x86)\MiKTeX 2.9\tex\latex\amsfonts\umsb.fd"
File: umsb.fd 2013/01/14 v3.01 AMS symbols B
)
LaTeX Font Info:    Font shape `OML/cmr/m/it' in size <10> not available
(Font)              Font shape `OML/cmm/m/it' tried instead on input line 19.
LaTeX Font Info:    Font shape `OML/cmr/m/it' in size <7> not available
(Font)              Font shape `OML/cmm/m/it' tried instead on input line 19.
LaTeX Font Info:    Font shape `OML/cmr/m/it' in size <5> not available
(Font)              Font shape `OML/cmm/m/it' tried instead on input line 19.
LaTeX Font Info:    Font shape `OMS/cmr/m/n' in size <10> not available
(Font)              Font shape `OMS/cmsy/m/n' tried instead on input line 19.
LaTeX Font Info:    Font shape `OMS/cmr/m/n' in size <7> not available
(Font)              Font shape `OMS/cmsy/m/n' tried instead on input line 19.
LaTeX Font Info:    Font shape `OMS/cmr/m/n' in size <5> not available
(Font)              Font shape `OMS/cmsy/m/n' tried instead on input line 19.
LaTeX Font Info:    Font shape `OML/cmr/m/it' in size <8> not available
(Font)              Font shape `OML/cmm/m/it' tried instead on input line 19.
LaTeX Font Info:    Font shape `OML/cmr/m/it' in size <6> not available
(Font)              Font shape `OML/cmm/m/it' tried instead on input line 19.
LaTeX Font Info:    Font shape `OMS/cmr/m/n' in size <8> not available
(Font)              Font shape `OMS/cmsy/m/n' tried instead on input line 19.
LaTeX Font Info:    Font shape `OMS/cmr/m/n' in size <6> not available
(Font)              Font shape `OMS/cmsy/m/n' tried instead on input line 19.
LaTeX Font Info:    Font shape `OML/cmr/m/it' in size <9> not available
(Font)              Font shape `OML/cmm/m/it' tried instead on input line 22.
LaTeX Font Info:    Font shape `OMS/cmr/m/n' in size <9> not available
(Font)              Font shape `OMS/cmsy/m/n' tried instead on input line 22.

Underfull \hbox (badness 10000) in paragraph at lines 34--57
  
 []

LaTeX Font Info:    Font shape `OMS/cmr/bx/n' in size <9> not available
(Font)              Font shape `OMS/cmsy/b/n' tried instead on input line 68.
LaTeX Font Info:    Font shape `OMS/cmr/bx/n' in size <6> not available
(Font)              Font shape `OMS/cmsy/b/n' tried instead on input line 68.
LaTeX Font Info:    Font shape `OMS/cmr/bx/n' in size <5> not available
(Font)              Font shape `OMS/cmsy/b/n' tried instead on input line 68.

LaTeX Font Warning: Font shape `OMX/cmr/bx/n' undefined
(Font)              using `OMX/cmr/m/n' instead on input line 68.


Underfull \hbox (badness 10000) in paragraph at lines 58--78
  
 []


Underfull \hbox (badness 10000) detected at line 78
[]  []
 []

LaTeX Font Info:    Calculating math sizes for size <11> on input line 82.

LaTeX Font Warning: Font shape `OT1/cmr/m/n' in size <5.5> not available
(Font)              size <5> substituted on input line 82.

LaTeX Font Info:    Font shape `OML/cmr/m/it' in size <11> not available
(Font)              Font shape `OML/cmm/m/it' tried instead on input line 82.
LaTeX Font Info:    Font shape `OML/cmr/m/it' in size <7.69997> not available
(Font)              Font shape `OML/cmm/m/it' tried instead on input line 82.
LaTeX Font Info:    Font shape `OML/cmr/m/it' in size <5.5> not available
(Font)              Font shape `OML/cmm/m/it' tried instead on input line 82.

LaTeX Font Warning: Font shape `OML/cmm/m/it' in size <5.5> not available
(Font)              size <5> substituted on input line 82.

LaTeX Font Info:    Font shape `OMS/cmr/m/n' in size <11> not available
(Font)              Font shape `OMS/cmsy/m/n' tried instead on input line 82.
LaTeX Font Info:    Font shape `OMS/cmr/m/n' in size <7.69997> not available
(Font)              Font shape `OMS/cmsy/m/n' tried instead on input line 82.
LaTeX Font Info:    Font shape `OMS/cmr/m/n' in size <5.5> not available
(Font)              Font shape `OMS/cmsy/m/n' tried instead on input line 82.

LaTeX Font Warning: Font shape `OMS/cmsy/m/n' in size <5.5> not available
(Font)              size <5> substituted on input line 82.


Underfull \vbox (badness 10000) has occurred while \output is active []


Underfull \vbox (badness 10000) has occurred while \output is active []


Underfull \vbox (badness 10000) has occurred while \output is active []


Overfull \vbox (36.0pt too high) has occurred while \output is active []


Overfull \vbox (36.0pt too high) has occurred while \output is active []


Overfull \vbox (650.43pt too high) has occurred while \output is active []


Overfull \vbox (29.0pt too high) has occurred while \output is active []


Overfull \vbox (711.0pt too high) has occurred while \output is active []

 [1{C:/ProgramData/MiKTeX/2.9/pdftex/config/pdftex.map}


]

LaTeX Font Warning: Font shape `OT1/cmr/bx/n' in size <5.5> not available
(Font)              size <5> substituted on input line 103.


LaTeX Font Warning: Font shape `OML/cmm/b/it' in size <5.5> not available
(Font)              size <5> substituted on input line 103.

LaTeX Font Info:    Font shape `OMS/cmr/bx/n' in size <11> not available
(Font)              Font shape `OMS/cmsy/b/n' tried instead on input line 103.
LaTeX Font Info:    Font shape `OMS/cmr/bx/n' in size <7.69997> not available
(Font)              Font shape `OMS/cmsy/b/n' tried instead on input line 103.
LaTeX Font Info:    Font shape `OMS/cmr/bx/n' in size <5.5> not available
(Font)              Font shape `OMS/cmsy/b/n' tried instead on input line 103.

LaTeX Font Warning: Font shape `OMS/cmsy/b/n' in size <5.5> not available
(Font)              size <5> substituted on input line 103.


Underfull \vbox (badness 10000) has occurred while \output is active []


Underfull \vbox (badness 10000) has occurred while \output is active []


Underfull \vbox (badness 10000) has occurred while \output is active []


Overfull \vbox (36.0pt too high) has occurred while \output is active []


Overfull \vbox (36.0pt too high) has occurred while \output is active []


Overfull \vbox (650.43pt too high) has occurred while \output is active []


Overfull \vbox (29.0pt too high) has occurred while \output is active []


Overfull \vbox (711.0pt too high) has occurred while \output is active []

 [2]
Overfull \hbox (15.3924pt too wide) in paragraph at lines 183--183
[]\OT1/cmtt/m/n/10.95 latex.helpdesk@tandf.co.uk \vspace{6pt}} and I.T. Consult
ant$^{b}$\\\vspace{6pt} %[] 
 []


Underfull \vbox (badness 10000) has occurred while \output is active []


Underfull \vbox (badness 10000) has occurred while \output is active []


Underfull \vbox (badness 10000) has occurred while \output is active []


Overfull \vbox (36.0pt too high) has occurred while \output is active []


Overfull \vbox (36.0pt too high) has occurred while \output is active []


Overfull \vbox (650.43pt too high) has occurred while \output is active []


Overfull \vbox (29.0pt too high) has occurred while \output is active []


Overfull \vbox (711.0pt too high) has occurred while \output is active []

 [3]
Underfull \hbox (badness 5374) in paragraph at lines 200--204
\OT1/cmr/m/n/10.95 Alternative num-ber-ing can be achieved by an ar-gu-ment in 
square brack-ets, e.g.
 []


Underfull \vbox (badness 2772) has occurred while \output is active []


Underfull \vbox (badness 10000) has occurred while \output is active []


Underfull \vbox (badness 10000) has occurred while \output is active []


Underfull \vbox (badness 10000) has occurred while \output is active []


Overfull \vbox (36.0pt too high) has occurred while \output is active []


Overfull \vbox (36.0pt too high) has occurred while \output is active []


Overfull \vbox (650.43pt too high) has occurred while \output is active []


Overfull \vbox (29.0pt too high) has occurred while \output is active []


Overfull \vbox (711.0pt too high) has occurred while \output is active []

 [4]
Underfull \vbox (badness 10000) has occurred while \output is active []


Underfull \vbox (badness 10000) has occurred while \output is active []


Underfull \vbox (badness 10000) has occurred while \output is active []


Overfull \vbox (36.0pt too high) has occurred while \output is active []


Overfull \vbox (36.0pt too high) has occurred while \output is active []


Overfull \vbox (650.43pt too high) has occurred while \output is active []


Overfull \vbox (29.0pt too high) has occurred while \output is active []


Overfull \vbox (711.0pt too high) has occurred while \output is active []

 [5]
LaTeX Font Info:    Font shape `OMS/cmr/bx/n' in size <8> not available
(Font)              Font shape `OMS/cmsy/b/n' tried instead on input line 359.

Underfull \vbox (badness 10000) has occurred while \output is active []


Underfull \vbox (badness 10000) has occurred while \output is active []


Underfull \vbox (badness 10000) has occurred while \output is active []


Overfull \vbox (36.0pt too high) has occurred while \output is active []


Overfull \vbox (36.0pt too high) has occurred while \output is active []


Overfull \vbox (650.43pt too high) has occurred while \output is active []


Overfull \vbox (29.0pt too high) has occurred while \output is active []


Overfull \vbox (711.0pt too high) has occurred while \output is active []

 [6]
Underfull \vbox (badness 10000) has occurred while \output is active []


Underfull \vbox (badness 10000) has occurred while \output is active []


Underfull \vbox (badness 10000) has occurred while \output is active []


Overfull \vbox (36.0pt too high) has occurred while \output is active []


Overfull \vbox (36.0pt too high) has occurred while \output is active []


Overfull \vbox (650.43pt too high) has occurred while \output is active []


Overfull \vbox (29.0pt too high) has occurred while \output is active []


Overfull \vbox (711.0pt too high) has occurred while \output is active []

 [7]

LaTeX Font Warning: Font shape `OT1/cmss/m/n' in size <5.5> not available
(Font)              size <5> substituted on input line 504.


Underfull \vbox (badness 10000) has occurred while \output is active []


Underfull \vbox (badness 10000) has occurred while \output is active []


Underfull \vbox (badness 10000) has occurred while \output is active []


Overfull \vbox (36.0pt too high) has occurred while \output is active []


Overfull \vbox (36.0pt too high) has occurred while \output is active []


Overfull \vbox (650.43pt too high) has occurred while \output is active []


Overfull \vbox (29.0pt too high) has occurred while \output is active []


Overfull \vbox (711.0pt too high) has occurred while \output is active []

 [8]

LaTeX Font Warning: Font shape `OML/eur/m/n' in size <5.5> not available
(Font)              size <5> substituted on input line 525.


LaTeX Font Warning: Font shape `OMS/cmsy/m/n' in size <5.5> not available
(Font)              size <5> substituted on input line 525.

Missing character: There is no â in font cmtt10!
Missing character: There is no € in font cmtt10!
Missing character: There is no “ in font cmtt10!

Underfull \vbox (badness 10000) has occurred while \output is active []


Underfull \vbox (badness 10000) has occurred while \output is active []


Underfull \vbox (badness 10000) has occurred while \output is active []


Overfull \vbox (36.0pt too high) has occurred while \output is active []


Overfull \vbox (36.0pt too high) has occurred while \output is active []


Overfull \vbox (650.43pt too high) has occurred while \output is active []


Overfull \vbox (29.0pt too high) has occurred while \output is active []


Overfull \vbox (711.0pt too high) has occurred while \output is active []

 [9]
Underfull \hbox (badness 2359) in paragraph at lines 597--599
[]\OT1/cmr/m/n/10 Holland M. Guide to cit-ing in-ter-net sources. 2004 [cited 2
012 Nov 4]. Avail-able from:
 []


Underfull \vbox (badness 10000) has occurred while \output is active []


Underfull \vbox (badness 10000) has occurred while \output is active []


Underfull \vbox (badness 10000) has occurred while \output is active []


Overfull \vbox (36.0pt too high) has occurred while \output is active []


Overfull \vbox (36.0pt too high) has occurred while \output is active []


Overfull \vbox (650.43pt too high) has occurred while \output is active []


Overfull \vbox (29.0pt too high) has occurred while \output is active []


Overfull \vbox (711.0pt too high) has occurred while \output is active []

 [10]
Overfull \hbox (26.88977pt too wide) in paragraph at lines 681--681
[] \OT1/cmtt/m/n/10.95 http://www.bournemouth.ac.uk/library/using/guide\_to\_ci
ting\_internet\_sourc.html.[] 
 []


Underfull \vbox (badness 10000) has occurred while \output is active []


Underfull \vbox (badness 10000) has occurred while \output is active []


Underfull \vbox (badness 10000) has occurred while \output is active []


Overfull \vbox (36.0pt too high) has occurred while \output is active []


Overfull \vbox (36.0pt too high) has occurred while \output is active []


Overfull \vbox (650.43pt too high) has occurred while \output is active []


Overfull \vbox (29.0pt too high) has occurred while \output is active []


Overfull \vbox (711.0pt too high) has occurred while \output is active []

 [11]
Underfull \vbox (badness 10000) has occurred while \output is active []


Underfull \vbox (badness 10000) has occurred while \output is active []


Underfull \vbox (badness 10000) has occurred while \output is active []


Overfull \vbox (36.0pt too high) has occurred while \output is active []


Overfull \vbox (36.0pt too high) has occurred while \output is active []


Overfull \vbox (650.43pt too high) has occurred while \output is active []


Overfull \vbox (29.0pt too high) has occurred while \output is active []


Overfull \vbox (711.0pt too high) has occurred while \output is active []

 [12]
Underfull \vbox (badness 10000) has occurred while \output is active []


Underfull \vbox (badness 10000) has occurred while \output is active []


Underfull \vbox (badness 10000) has occurred while \output is active []


Overfull \vbox (36.0pt too high) has occurred while \output is active []


Overfull \vbox (36.0pt too high) has occurred while \output is active []


Overfull \vbox (650.43pt too high) has occurred while \output is active []


Overfull \vbox (29.0pt too high) has occurred while \output is active []


Overfull \vbox (711.0pt too high) has occurred while \output is active []

 [13]
Underfull \hbox (badness 10000) in paragraph at lines 863--866

 []


Underfull \hbox (badness 10000) in paragraph at lines 874--875

 []


Overfull \hbox (32.53714pt too wide) in paragraph at lines 899--899
 []\OT1/cmtt/m/n/10.95 The high-resolution observations were made along a line 
at an angle[] 
 []


Overfull \hbox (26.78845pt too wide) in paragraph at lines 899--899
 []\OT1/cmtt/m/n/10.95 of $-15^\circ$ (East from North) from the axis of the je
t -- which[] 
 []


Underfull \vbox (badness 10000) has occurred while \output is active []


Underfull \vbox (badness 10000) has occurred while \output is active []


Underfull \vbox (badness 10000) has occurred while \output is active []


Overfull \vbox (36.0pt too high) has occurred while \output is active []


Overfull \vbox (36.0pt too high) has occurred while \output is active []


Overfull \vbox (650.43pt too high) has occurred while \output is active []


Overfull \vbox (29.0pt too high) has occurred while \output is active []


Overfull \vbox (711.0pt too high) has occurred while \output is active []

 [14]
Underfull \vbox (badness 10000) has occurred while \output is active []


Underfull \vbox (badness 10000) has occurred while \output is active []


Underfull \vbox (badness 10000) has occurred while \output is active []


Overfull \vbox (36.0pt too high) has occurred while \output is active []


Overfull \vbox (36.0pt too high) has occurred while \output is active []


Overfull \vbox (650.43pt too high) has occurred while \output is active []


Overfull \vbox (29.0pt too high) has occurred while \output is active []


Overfull \vbox (711.0pt too high) has occurred while \output is active []

 [15]
(E:\Github\journalpaper#1\tADRLaTeX\tADRguide.aux)

LaTeX Font Warning: Size substitutions with differences
(Font)              up to 1.0pt have occurred.


LaTeX Font Warning: Some font shapes were not available, defaults substituted.


LaTeX Warning: Label(s) may have changed. Rerun to get cross-references right.

 ) 
Here is how much of TeX's memory you used:
 3230 strings out of 493921
 39351 string characters out of 3144862
 96087 words of memory out of 3000000
 6464 multiletter control sequences out of 15000+200000
 29479 words of font info for 107 fonts, out of 3000000 for 9000
 841 hyphenation exceptions out of 8191
 41i,14n,30p,1248b,272s stack positions out of 5000i,500n,10000p,200000b,50000s
 <C:\Users\dashmoment\AppData\Local\MiKTeX\2.9\fonts\pk\ljfour\jknappen\ec\dp
i600\ecxc1095.pk> <C:\Users\dashmoment\AppData\Local\MiKTeX\2.9\fonts\pk\ljfour
\jknappen\ec\dpi600\eccc0900.pk><C:/Program Files (x86)/MiKTeX 2.9/fonts/type1/
public/amsfonts/cm/cmbx10.pfb><C:/Program Files (x86)/MiKTeX 2.9/fonts/type1/pu
blic/amsfonts/cm/cmbx12.pfb><C:/Program Files (x86)/MiKTeX 2.9/fonts/type1/publ
ic/amsfonts/cm/cmbx9.pfb><C:/Program Files (x86)/MiKTeX 2.9/fonts/type1/public/
amsfonts/cm/cmbxti10.pfb><C:/Program Files (x86)/MiKTeX 2.9/fonts/type1/public/
amsfonts/cm/cmcsc10.pfb><C:/Program Files (x86)/MiKTeX 2.9/fonts/type1/public/a
msfonts/cm/cmex10.pfb><C:/Program Files (x86)/MiKTeX 2.9/fonts/type1/public/ams
fonts/cm/cmmi10.pfb><C:/Program Files (x86)/MiKTeX 2.9/fonts/type1/public/amsfo
nts/cm/cmmi6.pfb><C:/Program Files (x86)/MiKTeX 2.9/fonts/type1/public/amsfonts
/cm/cmmi7.pfb><C:/Program Files (x86)/MiKTeX 2.9/fonts/type1/public/amsfonts/cm
/cmmi8.pfb><C:/Program Files (x86)/MiKTeX 2.9/fonts/type1/public/amsfonts/cm/cm
mib10.pfb><C:/Program Files (x86)/MiKTeX 2.9/fonts/type1/public/amsfonts/cmextr
a/cmmib5.pfb><C:/Program Files (x86)/MiKTeX 2.9/fonts/type1/public/amsfonts/cme
xtra/cmmib8.pfb><C:/Program Files (x86)/MiKTeX 2.9/fonts/type1/public/amsfonts/
cmextra/cmmib9.pfb><C:/Program Files (x86)/MiKTeX 2.9/fonts/type1/public/amsfon
ts/cm/cmr10.pfb><C:/Program Files (x86)/MiKTeX 2.9/fonts/type1/public/amsfonts/
cm/cmr6.pfb><C:/Program Files (x86)/MiKTeX 2.9/fonts/type1/public/amsfonts/cm/c
mr8.pfb><C:/Program Files (x86)/MiKTeX 2.9/fonts/type1/public/amsfonts/cm/cmr9.
pfb><C:/Program Files (x86)/MiKTeX 2.9/fonts/type1/public/amsfonts/cm/cmss8.pfb
><C:/Program Files (x86)/MiKTeX 2.9/fonts/type1/public/amsfonts/cm/cmssbx10.pfb
><C:/Program Files (x86)/MiKTeX 2.9/fonts/type1/public/amsfonts/cm/cmsy10.pfb><
C:/Program Files (x86)/MiKTeX 2.9/fonts/type1/public/amsfonts/cm/cmsy6.pfb><C:/
Program Files (x86)/MiKTeX 2.9/fonts/type1/public/amsfonts/cm/cmsy7.pfb><C:/Pro
gram Files (x86)/MiKTeX 2.9/fonts/type1/public/amsfonts/cm/cmsy8.pfb><C:/Progra
m Files (x86)/MiKTeX 2.9/fonts/type1/public/amsfonts/cm/cmti10.pfb><C:/Program 
Files (x86)/MiKTeX 2.9/fonts/type1/public/amsfonts/cm/cmti7.pfb><C:/Program Fil
es (x86)/MiKTeX 2.9/fonts/type1/public/amsfonts/cm/cmti8.pfb><C:/Program Files 
(x86)/MiKTeX 2.9/fonts/type1/public/amsfonts/cm/cmti9.pfb><C:/Program Files (x8
6)/MiKTeX 2.9/fonts/type1/public/amsfonts/cm/cmtt10.pfb><C:/Program Files (x86)
/MiKTeX 2.9/fonts/type1/public/amsfonts/cm/cmtt8.pfb><C:/Program Files (x86)/Mi
KTeX 2.9/fonts/type1/public/amsfonts/cm/cmtt9.pfb><C:/Program Files (x86)/MiKTe
X 2.9/fonts/type1/public/amsfonts/euler/eurm10.pfb><C:/Program Files (x86)/MiKT
eX 2.9/fonts/type1/public/amsfonts/symbols/msbm10.pfb>
Output written on tADRguide.pdf (15 pages, 433878 bytes).
PDF statistics:
 203 PDF objects out of 1000 (max. 8388607)
 0 named destinations out of 1000 (max. 500000)
 1 words of extra memory for PDF output out of 10000 (max. 10000000)

